<?xml version="1.0" encoding="UTF-8"?>
<testng-results skipped="0" failed="0" total="1" passed="1">
  <reporter-output>
  </reporter-output>
  <suite name="Default suite" duration-ms="7912" started-at="2021-09-10T07:16:00Z" finished-at="2021-09-10T07:16:08Z">
    <groups>
    </groups>
    <test name="Default test" duration-ms="7912" started-at="2021-09-10T07:16:00Z" finished-at="2021-09-10T07:16:08Z">
      <class name="com.HMS.Tests.NewTest">
        <test-method status="PASS" signature="beforeMethod()[pri:0, instance:com.HMS.Tests.NewTest@1a052a00]" name="beforeMethod" is-config="true" duration-ms="3618" started-at="2021-09-10T12:46:00Z" finished-at="2021-09-10T12:46:03Z">
          <reporter-output>
          </reporter-output>
        </test-method> <!-- beforeMethod -->
        <test-method status="PASS" signature="f()[pri:0, instance:com.HMS.Tests.NewTest@1a052a00]" name="f" duration-ms="3584" started-at="2021-09-10T12:46:03Z" finished-at="2021-09-10T12:46:07Z">
          <reporter-output>
          </reporter-output>
        </test-method> <!-- f -->
        <test-method status="PASS" signature="afterMethod()[pri:0, instance:com.HMS.Tests.NewTest@1a052a00]" name="afterMethod" is-config="true" duration-ms="690" started-at="2021-09-10T12:46:07Z" finished-at="2021-09-10T12:46:08Z">
          <reporter-output>
          </reporter-output>
        </test-method> <!-- afterMethod -->
      </class> <!-- com.HMS.Tests.NewTest -->
    </test> <!-- Default test -->
  </suite> <!-- Default suite -->
</testng-results>
